TN:
SF:src/engine/board.js
FN:7,Board
FN:13,getCell
FN:17,setCell
FN:21,isInBounds
FN:25,isBlocked
FN:30,getPieceCells
FN:41,isValid
FN:46,lockPiece
FN:52,getCompletedRows
FN:64,clearRows
FN:79,clear
FNF:11
FNH:11
FNDA:103,Board
FNDA:259,getCell
FNDA:480,setCell
FNDA:3930,isInBounds
FNDA:2290,isBlocked
FNDA:478,getPieceCells
FNDA:434,isValid
FNDA:22,lockPiece
FNDA:23,getCompletedRows
FNDA:10,clearRows
FNDA:6,clear
DA:1,1
DA:3,1
DA:4,1
DA:6,1
DA:7,1
DA:8,103
DA:9,103
DA:10,103
DA:11,103
DA:13,1
DA:14,259
DA:15,259
DA:17,1
DA:18,480
DA:19,480
DA:21,1
DA:22,3930
DA:23,3930
DA:25,1
DA:26,2290
DA:27,2289
DA:28,2290
DA:30,1
DA:31,478
DA:32,478
DA:33,478
DA:34,1912
DA:35,7648
DA:36,7648
DA:37,1912
DA:38,478
DA:39,478
DA:41,1
DA:42,434
DA:43,434
DA:44,434
DA:46,1
DA:47,22
DA:48,22
DA:49,22
DA:50,22
DA:52,1
DA:53,23
DA:54,23
DA:55,460
DA:56,460
DA:57,676
DA:58,676
DA:59,460
DA:60,460
DA:61,23
DA:62,23
DA:64,1
DA:65,10
DA:66,10
DA:67,10
DA:68,200
DA:69,183
DA:70,1830
DA:71,1830
DA:72,183
DA:73,200
DA:74,10
DA:75,10
DA:76,10
DA:77,10
DA:79,1
DA:80,6
DA:81,6
DA:82,1
LF:70
LH:70
BRDA:7,0,0,103
BRDA:13,1,0,259
BRDA:17,2,0,480
BRDA:21,3,0,3930
BRDA:22,4,0,3927
BRDA:22,5,0,3925
BRDA:22,6,0,3924
BRDA:25,7,0,2290
BRDA:26,8,0,1
BRDA:26,9,0,2289
BRDA:30,10,0,478
BRDA:33,11,0,1912
BRDA:34,12,0,7648
BRDA:35,13,0,1912
BRDA:41,14,0,434
BRDA:43,15,0,1634
BRDA:43,16,0,1611
BRDA:46,17,0,22
BRDA:49,18,0,88
BRDA:52,19,0,23
BRDA:54,20,0,460
BRDA:56,21,0,676
BRDA:57,22,0,437
BRDA:59,23,0,23
BRDA:64,24,0,10
BRDA:67,25,0,200
BRDA:68,26,0,183
BRDA:69,27,0,1830
BRDA:79,28,0,6
BRF:29
BRH:29
end_of_record
TN:
SF:src/engine/gameState.js
FN:10,gravityInterval
FN:23,GameState
FN:64,get sweepProgress
FN:69,update
FN:117,moveLeft
FN:118,moveRight
FN:119,rotateCW
FN:120,rotateCCW
FN:121,startSoftDrop
FN:122,stopSoftDrop
FN:124,hardDrop
FN:131,togglePause
FN:136,restart
FN:161,getActivePieceCells
FN:166,getActivePieceColor
FN:170,_spawnPiece
FN:187,_tryMove
FN:200,_tryMoveDown
FN:204,_tryRotate
FN:216,_resetLock
FN:223,_lockPiece
FN:253,_finalizeSweep
FN:266,_addScore
FNF:23
FNH:20
FNDA:45,gravityInterval
FNDA:52,GameState
FNDA:3,get sweepProgress
FNDA:52,update
FNDA:3,moveLeft
FNDA:1,moveRight
FNDA:4,rotateCW
FNDA:1,rotateCCW
FNDA:3,startSoftDrop
FNDA:0,stopSoftDrop
FNDA:21,hardDrop
FNDA:3,togglePause
FNDA:4,restart
FNDA:0,getActivePieceCells
FNDA:0,getActivePieceColor
FNDA:73,_spawnPiece
FNDA:235,_tryMove
FNDA:231,_tryMoveDown
FNDA:5,_tryRotate
FNDA:218,_resetLock
FNDA:20,_lockPiece
FNDA:8,_finalizeSweep
FNDA:8,_addScore
DA:1,1
DA:5,1
DA:6,1
DA:7,1
DA:8,1
DA:10,1
DA:11,45
DA:12,45
DA:13,45
DA:15,1
DA:16,1
DA:17,1
DA:18,1
DA:19,1
DA:20,1
DA:22,1
DA:23,1
DA:24,52
DA:25,52
DA:26,52
DA:27,52
DA:28,52
DA:29,52
DA:30,52
DA:32,52
DA:33,52
DA:34,52
DA:35,52
DA:37,52
DA:39,52
DA:40,52
DA:41,52
DA:42,52
DA:44,52
DA:45,52
DA:46,52
DA:47,52
DA:49,52
DA:50,52
DA:52,52
DA:53,52
DA:54,52
DA:56,52
DA:57,52
DA:58,52
DA:59,52
DA:61,52
DA:62,52
DA:64,1
DA:65,3
DA:66,2
DA:67,3
DA:69,1
DA:70,52
DA:71,52
DA:72,12
DA:73,12
DA:74,9
DA:75,9
DA:76,12
DA:78,52
DA:80,49
DA:81,52
DA:82,10
DA:83,10
DA:84,8
DA:85,8
DA:86,10
DA:87,10
DA:89,39
DA:90,52
DA:91,52
DA:93,52
DA:95,52
DA:96,52
DA:97,32
DA:98,32
DA:99,1
DA:100,1
DA:101,1
DA:102,32
DA:104,52
DA:105,6
DA:106,6
DA:107,6
DA:108,1
DA:109,6
DA:110,5
DA:111,5
DA:112,5
DA:113,5
DA:114,6
DA:115,52
DA:117,1
DA:118,1
DA:119,1
DA:120,1
DA:121,1
DA:122,1
DA:124,1
DA:125,21
DA:126,19
DA:127,21
DA:128,19
DA:129,21
DA:131,1
DA:132,3
DA:133,2
DA:134,3
DA:136,1
DA:137,4
DA:138,4
DA:139,4
DA:140,4
DA:141,4
DA:142,4
DA:143,4
DA:144,4
DA:145,4
DA:146,4
DA:147,4
DA:148,4
DA:149,4
DA:150,4
DA:151,4
DA:152,4
DA:153,4
DA:154,4
DA:155,4
DA:156,4
DA:157,4
DA:158,4
DA:159,4
DA:161,1
DA:162,0
DA:163,0
DA:164,0
DA:166,1
DA:167,0
DA:168,0
DA:170,1
DA:171,73
DA:172,73
DA:173,73
DA:174,73
DA:175,73
DA:176,73
DA:177,73
DA:178,73
DA:179,73
DA:181,73
DA:182,2
DA:183,2
DA:184,2
DA:185,73
DA:187,1
DA:188,235
DA:189,235
DA:190,235
DA:191,235
DA:192,214
DA:193,214
DA:194,214
DA:195,214
DA:196,214
DA:197,21
DA:198,235
DA:200,1
DA:201,231
DA:202,231
DA:204,1
DA:205,5
DA:206,4
DA:207,4
DA:208,4
DA:209,4
DA:210,4
DA:211,4
DA:212,4
DA:213,4
DA:214,5
DA:216,1
DA:217,218
DA:218,190
DA:219,190
DA:220,190
DA:221,218
DA:223,1
DA:224,20
DA:225,20
DA:226,20
DA:228,20
DA:229,20
DA:230,20
DA:232,20
DA:233,20
DA:235,20
DA:236,20
DA:238,20
DA:239,20
DA:240,13
DA:241,13
DA:242,13
DA:243,13
DA:244,13
DA:245,13
DA:246,13
DA:247,13
DA:249,7
DA:250,7
DA:251,20
DA:253,1
DA:254,8
DA:255,8
DA:256,8
DA:257,8
DA:258,8
DA:259,8
DA:260,8
DA:261,8
DA:262,8
DA:263,8
DA:264,8
DA:266,1
DA:267,8
DA:268,8
DA:269,8
DA:270,1
LF:228
LH:223
BRDA:10,0,0,45
BRDA:23,1,0,52
BRDA:64,2,0,3
BRDA:65,3,0,1
BRDA:65,4,0,2
BRDA:69,5,0,52
BRDA:71,6,0,12
BRDA:73,7,0,9
BRDA:78,8,0,51
BRDA:78,9,0,3
BRDA:78,10,0,49
BRDA:81,11,0,10
BRDA:83,12,0,8
BRDA:87,13,0,39
BRDA:90,14,0,3
BRDA:91,15,0,36
BRDA:96,16,0,32
BRDA:98,17,0,1
BRDA:102,18,0,38
BRDA:104,19,0,6
BRDA:107,20,0,1
BRDA:109,21,0,5
BRDA:112,22,0,3
BRDA:117,23,0,3
BRDA:117,24,0,2
BRDA:118,25,0,1
BRDA:119,26,0,4
BRDA:120,27,0,1
BRDA:121,28,0,3
BRDA:124,29,0,21
BRDA:125,30,0,20
BRDA:125,31,0,2
BRDA:125,32,0,19
BRDA:127,33,0,206
BRDA:127,34,0,19
BRDA:131,35,0,3
BRDA:132,36,0,1
BRDA:132,37,0,2
BRDA:136,38,0,4
BRDA:170,39,0,73
BRDA:171,40,0,20
BRDA:172,41,0,21
BRDA:181,42,0,2
BRDA:187,43,0,235
BRDA:188,44,0,0
BRDA:191,45,0,214
BRDA:196,46,0,21
BRDA:200,47,0,231
BRDA:204,48,0,5
BRDA:205,49,0,4
BRDA:205,50,0,1
BRDA:205,51,0,4
BRDA:216,52,0,218
BRDA:217,53,0,190
BRDA:223,54,0,20
BRDA:239,55,0,13
BRDA:241,56,0,2
BRDA:241,57,0,11
BRDA:247,58,0,7
BRDA:253,59,0,8
BRDA:259,60,0,2
BRDA:266,61,0,8
BRDA:267,62,0,0
BRF:63
BRH:61
end_of_record
TN:
SF:src/engine/ghost.js
FN:10,computeGhostRow
FNF:1
FNH:1
FNDA:6,computeGhostRow
DA:1,1
DA:2,1
DA:3,1
DA:4,1
DA:5,1
DA:6,1
DA:7,1
DA:8,1
DA:9,1
DA:10,1
DA:11,6
DA:12,6
DA:13,65
DA:14,65
DA:15,6
DA:16,6
LF:16
LH:16
BRDA:10,0,0,6
BRDA:12,1,0,65
BRF:2
BRH:2
end_of_record
TN:
SF:src/engine/rotation.js
FN:25,getKicks
FN:32,tryRotate
FNF:2
FNH:2
FNDA:44,getKicks
FNDA:44,tryRotate
DA:1,1
DA:2,1
DA:3,1
DA:4,1
DA:5,1
DA:6,1
DA:7,1
DA:8,1
DA:9,1
DA:10,1
DA:12,1
DA:13,1
DA:14,1
DA:15,1
DA:16,1
DA:17,1
DA:18,1
DA:19,1
DA:20,1
DA:21,1
DA:23,1
DA:25,44
DA:26,44
DA:27,44
DA:28,44
DA:29,44
DA:30,44
DA:32,1
DA:33,44
DA:34,44
DA:35,44
DA:36,52
DA:37,52
DA:38,52
DA:39,43
DA:40,43
DA:41,52
DA:42,1
DA:43,1
LF:39
LH:39
BRDA:25,0,0,44
BRDA:27,1,0,5
BRDA:27,2,0,0
BRDA:27,3,0,39
BRDA:28,4,0,6
BRDA:28,5,0,33
BRDA:29,6,0,0
BRDA:32,7,0,44
BRDA:35,8,0,52
BRDA:38,9,0,43
BRDA:41,10,0,1
BRF:11
BRH:9
end_of_record
TN:
SF:src/engine/tetrominoes.js
FN:77,randomPieceType
FNF:1
FNH:1
FNDA:72,randomPieceType
DA:1,1
DA:2,1
DA:3,1
DA:4,1
DA:5,1
DA:6,1
DA:7,1
DA:8,1
DA:9,1
DA:10,1
DA:11,1
DA:12,1
DA:13,1
DA:14,1
DA:15,1
DA:16,1
DA:17,1
DA:18,1
DA:19,1
DA:20,1
DA:21,1
DA:22,1
DA:23,1
DA:24,1
DA:25,1
DA:26,1
DA:27,1
DA:28,1
DA:29,1
DA:30,1
DA:31,1
DA:32,1
DA:33,1
DA:34,1
DA:35,1
DA:36,1
DA:37,1
DA:38,1
DA:39,1
DA:40,1
DA:41,1
DA:42,1
DA:43,1
DA:44,1
DA:45,1
DA:46,1
DA:47,1
DA:48,1
DA:49,1
DA:50,1
DA:51,1
DA:52,1
DA:53,1
DA:54,1
DA:55,1
DA:56,1
DA:57,1
DA:58,1
DA:59,1
DA:60,1
DA:61,1
DA:62,1
DA:63,1
DA:64,1
DA:65,1
DA:66,1
DA:67,1
DA:68,1
DA:69,1
DA:70,1
DA:71,1
DA:72,1
DA:73,1
DA:75,1
DA:77,1
DA:78,72
DA:79,72
LF:77
LH:77
BRDA:77,0,0,72
BRF:1
BRH:1
end_of_record
TN:
SF:src/engine/tilt.js
FN:7,computeTiltAngle
FN:20,stepSpring
FNF:2
FNH:2
FNDA:7,computeTiltAngle
FNDA:83,stepSpring
DA:1,1
DA:2,1
DA:3,1
DA:4,1
DA:5,1
DA:6,1
DA:7,1
DA:8,7
DA:9,7
DA:10,7
DA:12,1
DA:13,1
DA:14,1
DA:15,1
DA:16,1
DA:17,1
DA:18,1
DA:19,1
DA:20,1
DA:21,83
DA:22,83
DA:23,83
DA:24,83
LF:23
LH:23
BRDA:7,0,0,7
BRDA:20,1,0,83
BRF:2
BRH:2
end_of_record
