TN:
SF:src/engine/board.js
FN:7,Board
FN:13,getCell
FN:17,setCell
FN:21,isInBounds
FN:25,isBlocked
FN:30,getPieceCells
FN:41,isValid
FN:46,lockPiece
FN:52,getCompletedRows
FN:64,clearRows
FN:79,clear
FNF:11
FNH:11
FNDA:75,Board
FNDA:259,getCell
FNDA:280,setCell
FNDA:2069,isInBounds
FNDA:1198,isBlocked
FNDA:240,getPieceCells
FNDA:228,isValid
FNDA:10,lockPiece
FNDA:11,getCompletedRows
FNDA:7,clearRows
FNDA:4,clear
DA:1,1
DA:3,1
DA:4,1
DA:6,1
DA:7,1
DA:8,75
DA:9,75
DA:10,75
DA:11,75
DA:13,1
DA:14,259
DA:15,259
DA:17,1
DA:18,280
DA:19,280
DA:21,1
DA:22,2069
DA:23,2069
DA:25,1
DA:26,1198
DA:27,1197
DA:28,1198
DA:30,1
DA:31,240
DA:32,240
DA:33,240
DA:34,960
DA:35,3840
DA:36,3840
DA:37,960
DA:38,240
DA:39,240
DA:41,1
DA:42,228
DA:43,228
DA:44,228
DA:46,1
DA:47,10
DA:48,10
DA:49,10
DA:50,10
DA:52,1
DA:53,11
DA:54,11
DA:55,220
DA:56,220
DA:57,337
DA:58,337
DA:59,220
DA:60,220
DA:61,11
DA:62,11
DA:64,1
DA:65,7
DA:66,7
DA:67,7
DA:68,140
DA:69,126
DA:70,1260
DA:71,1260
DA:72,126
DA:73,140
DA:74,7
DA:75,7
DA:76,7
DA:77,7
DA:79,1
DA:80,4
DA:81,4
DA:82,1
LF:70
LH:70
BRDA:7,0,0,75
BRDA:13,1,0,259
BRDA:17,2,0,280
BRDA:21,3,0,2069
BRDA:22,4,0,2067
BRDA:22,5,0,2065
BRDA:22,6,0,2064
BRDA:25,7,0,1198
BRDA:26,8,0,1
BRDA:26,9,0,1197
BRDA:30,10,0,240
BRDA:33,11,0,960
BRDA:34,12,0,3840
BRDA:35,13,0,960
BRDA:41,14,0,228
BRDA:43,15,0,865
BRDA:43,16,0,858
BRDA:46,17,0,10
BRDA:49,18,0,40
BRDA:52,19,0,11
BRDA:54,20,0,220
BRDA:56,21,0,337
BRDA:57,22,0,208
BRDA:59,23,0,12
BRDA:64,24,0,7
BRDA:67,25,0,140
BRDA:68,26,0,126
BRDA:69,27,0,1260
BRDA:79,28,0,4
BRF:29
BRH:29
end_of_record
TN:
SF:src/engine/gameState.js
FN:10,gravityInterval
FN:21,GameState
FN:45,update
FN:75,moveLeft
FN:76,moveRight
FN:77,rotateCW
FN:78,rotateCCW
FN:79,startSoftDrop
FN:80,stopSoftDrop
FN:82,hardDrop
FN:88,togglePause
FN:93,restart
FN:109,getActivePieceCells
FN:114,getActivePieceColor
FN:118,_spawnPiece
FN:134,_tryMove
FN:147,_tryMoveDown
FN:151,_tryRotate
FN:162,_resetLock
FN:169,_lockPiece
FN:182,_addScore
FNF:21
FNH:18
FNDA:42,gravityInterval
FNDA:30,GameState
FNDA:38,update
FNDA:1,moveLeft
FNDA:1,moveRight
FNDA:3,rotateCW
FNDA:1,rotateCCW
FNDA:2,startSoftDrop
FNDA:0,stopSoftDrop
FNDA:9,hardDrop
FNDA:3,togglePause
FNDA:2,restart
FNDA:0,getActivePieceCells
FNDA:0,getActivePieceColor
FNDA:41,_spawnPiece
FNDA:133,_tryMove
FNDA:131,_tryMoveDown
FNDA:4,_tryRotate
FNDA:128,_resetLock
FNDA:8,_lockPiece
FNDA:5,_addScore
DA:1,1
DA:5,1
DA:6,1
DA:7,1
DA:8,1
DA:10,1
DA:11,42
DA:12,42
DA:13,42
DA:15,1
DA:16,1
DA:17,1
DA:18,1
DA:20,1
DA:21,1
DA:22,30
DA:23,30
DA:24,30
DA:25,30
DA:26,30
DA:27,30
DA:28,30
DA:30,30
DA:31,30
DA:32,30
DA:33,30
DA:35,30
DA:37,30
DA:38,30
DA:39,30
DA:40,30
DA:42,30
DA:43,30
DA:45,1
DA:46,38
DA:48,36
DA:49,38
DA:50,38
DA:52,38
DA:54,38
DA:55,38
DA:56,32
DA:57,32
DA:58,1
DA:59,1
DA:60,1
DA:61,32
DA:63,38
DA:64,4
DA:65,4
DA:66,4
DA:67,1
DA:68,4
DA:69,3
DA:70,3
DA:71,3
DA:72,4
DA:73,38
DA:75,1
DA:76,1
DA:77,1
DA:78,1
DA:79,1
DA:80,1
DA:82,1
DA:83,9
DA:84,9
DA:85,7
DA:86,9
DA:88,1
DA:89,3
DA:90,2
DA:91,3
DA:93,1
DA:94,2
DA:95,2
DA:96,2
DA:97,2
DA:98,2
DA:99,2
DA:100,2
DA:101,2
DA:102,2
DA:103,2
DA:104,2
DA:105,2
DA:106,2
DA:107,2
DA:109,1
DA:110,0
DA:111,0
DA:112,0
DA:114,1
DA:115,0
DA:116,0
DA:118,1
DA:119,41
DA:120,41
DA:121,41
DA:122,41
DA:123,41
DA:124,41
DA:125,41
DA:126,41
DA:127,41
DA:129,41
DA:130,1
DA:131,1
DA:132,41
DA:134,1
DA:135,133
DA:136,133
DA:137,133
DA:138,133
DA:139,125
DA:140,125
DA:141,125
DA:142,125
DA:143,125
DA:144,8
DA:145,133
DA:147,1
DA:148,131
DA:149,131
DA:151,1
DA:152,4
DA:153,3
DA:154,3
DA:155,3
DA:156,3
DA:157,3
DA:158,3
DA:159,3
DA:160,4
DA:162,1
DA:163,128
DA:164,112
DA:165,112
DA:166,112
DA:167,128
DA:169,1
DA:170,8
DA:171,8
DA:172,8
DA:173,5
DA:174,5
DA:175,5
DA:176,5
DA:177,5
DA:178,8
DA:179,8
DA:180,8
DA:182,1
DA:183,5
DA:184,5
DA:185,5
DA:186,1
LF:157
LH:152
BRDA:10,0,0,42
BRDA:21,1,0,30
BRDA:45,2,0,38
BRDA:46,3,0,37
BRDA:46,4,0,2
BRDA:46,5,0,36
BRDA:49,6,0,2
BRDA:50,7,0,34
BRDA:55,8,0,32
BRDA:57,9,0,1
BRDA:61,10,0,35
BRDA:63,11,0,4
BRDA:66,12,0,1
BRDA:68,13,0,3
BRDA:75,14,0,1
BRDA:76,15,0,1
BRDA:77,16,0,3
BRDA:78,17,0,1
BRDA:79,18,0,2
BRDA:82,19,0,9
BRDA:83,20,0,8
BRDA:83,21,0,2
BRDA:83,22,0,7
BRDA:84,23,0,120
BRDA:84,24,0,7
BRDA:88,25,0,3
BRDA:89,26,0,1
BRDA:89,27,0,2
BRDA:93,28,0,2
BRDA:118,29,0,41
BRDA:119,30,0,10
BRDA:120,31,0,11
BRDA:129,32,0,1
BRDA:134,33,0,133
BRDA:135,34,0,0
BRDA:138,35,0,125
BRDA:143,36,0,8
BRDA:147,37,0,131
BRDA:151,38,0,4
BRDA:152,39,0,3
BRDA:152,40,0,1
BRDA:152,41,0,3
BRDA:162,42,0,128
BRDA:163,43,0,112
BRDA:169,44,0,8
BRDA:172,45,0,5
BRDA:182,46,0,5
BRDA:183,47,0,0
BRF:48
BRH:46
end_of_record
TN:
SF:src/engine/rotation.js
FN:25,getKicks
FN:32,tryRotate
FNF:2
FNH:2
FNDA:43,getKicks
FNDA:43,tryRotate
DA:1,1
DA:2,1
DA:3,1
DA:4,1
DA:5,1
DA:6,1
DA:7,1
DA:8,1
DA:9,1
DA:10,1
DA:12,1
DA:13,1
DA:14,1
DA:15,1
DA:16,1
DA:17,1
DA:18,1
DA:19,1
DA:20,1
DA:21,1
DA:23,1
DA:25,43
DA:26,43
DA:27,43
DA:28,43
DA:29,43
DA:30,43
DA:32,1
DA:33,43
DA:34,43
DA:35,43
DA:36,51
DA:37,51
DA:38,51
DA:39,42
DA:40,42
DA:41,51
DA:42,1
DA:43,1
LF:39
LH:39
BRDA:25,0,0,43
BRDA:27,1,0,5
BRDA:27,2,0,0
BRDA:27,3,0,38
BRDA:28,4,0,6
BRDA:28,5,0,32
BRDA:29,6,0,0
BRDA:32,7,0,43
BRDA:35,8,0,51
BRDA:38,9,0,42
BRDA:41,10,0,1
BRF:11
BRH:9
end_of_record
TN:
SF:src/engine/tetrominoes.js
FN:77,randomPieceType
FNF:1
FNH:1
FNDA:64,randomPieceType
DA:1,1
DA:2,1
DA:3,1
DA:4,1
DA:5,1
DA:6,1
DA:7,1
DA:8,1
DA:9,1
DA:10,1
DA:11,1
DA:12,1
DA:13,1
DA:14,1
DA:15,1
DA:16,1
DA:17,1
DA:18,1
DA:19,1
DA:20,1
DA:21,1
DA:22,1
DA:23,1
DA:24,1
DA:25,1
DA:26,1
DA:27,1
DA:28,1
DA:29,1
DA:30,1
DA:31,1
DA:32,1
DA:33,1
DA:34,1
DA:35,1
DA:36,1
DA:37,1
DA:38,1
DA:39,1
DA:40,1
DA:41,1
DA:42,1
DA:43,1
DA:44,1
DA:45,1
DA:46,1
DA:47,1
DA:48,1
DA:49,1
DA:50,1
DA:51,1
DA:52,1
DA:53,1
DA:54,1
DA:55,1
DA:56,1
DA:57,1
DA:58,1
DA:59,1
DA:60,1
DA:61,1
DA:62,1
DA:63,1
DA:64,1
DA:65,1
DA:66,1
DA:67,1
DA:68,1
DA:69,1
DA:70,1
DA:71,1
DA:72,1
DA:73,1
DA:75,1
DA:77,1
DA:78,64
DA:79,64
LF:77
LH:77
BRDA:77,0,0,64
BRF:1
BRH:1
end_of_record
